Unity Editor version:    2021.3.4f1 (cb45f9cae8b7)
Branch:                  2021.3/staging
Build type:              Release
Batch mode:              YES
macOS version:           Version 12.4 (Build 21F79)
Darwin version:          21.5.0
Architecture:            x86_64
Running under Rosetta:   NO
Available memory:        16384 MB
Using pre-set license
Pro License: YES

COMMAND LINE ARGUMENTS:
/Applications/Unity/Hub/Editor/2021.3.4f1/Unity.app/Contents/MacOS/Unity
-adb2
-batchMode
-noUpm
-name
AssetImportWorker0
-projectPath
/Users/henryheese/Desktop/4610W/Unity/Ireland Capstone
-logFile
Logs/AssetImportWorker0.log
-srvPort
54603
Successfully changed project path to: /Users/henryheese/Desktop/4610W/Unity/Ireland Capstone
/Users/henryheese/Desktop/4610W/Unity/Ireland Capstone
[UnityMemory] Configuration Parameters - Can be set up in boot.config
    "memorysetup-bucket-allocator-granularity=16"
    "memorysetup-bucket-allocator-bucket-count=8"
    "memorysetup-bucket-allocator-block-size=33554432"
    "memorysetup-bucket-allocator-block-count=8"
    "memorysetup-main-allocator-block-size=16777216"
    "memorysetup-thread-allocator-block-size=16777216"
    "memorysetup-gfx-main-allocator-block-size=16777216"
    "memorysetup-gfx-thread-allocator-block-size=16777216"
    "memorysetup-cache-allocator-block-size=4194304"
    "memorysetup-typetree-allocator-block-size=2097152"
    "memorysetup-profiler-bucket-allocator-granularity=16"
    "memorysetup-profiler-bucket-allocator-bucket-count=8"
    "memorysetup-profiler-bucket-allocator-block-size=33554432"
    "memorysetup-profiler-bucket-allocator-block-count=8"
    "memorysetup-profiler-allocator-block-size=16777216"
    "memorysetup-profiler-editor-allocator-block-size=1048576"
    "memorysetup-temp-allocator-size-main=16777216"
    "memorysetup-job-temp-allocator-block-size=2097152"
    "memorysetup-job-temp-allocator-block-size-background=1048576"
    "memorysetup-job-temp-allocator-reduction-small-platforms=262144"
    "memorysetup-temp-allocator-size-background-worker=32768"
    "memorysetup-temp-allocator-size-job-worker=262144"
    "memorysetup-temp-allocator-size-preload-manager=33554432"
    "memorysetup-temp-allocator-size-nav-mesh-worker=65536"
    "memorysetup-temp-allocator-size-audio-worker=65536"
    "memorysetup-temp-allocator-size-cloud-worker=32768"
    "memorysetup-temp-allocator-size-gi-baking-worker=262144"
    "memorysetup-temp-allocator-size-gfx=262144"
Refreshing native plugins compatible for Editor in 100.14 ms, found 2 plugins.
Preloading 0 native plugins for Editor in 0.00 ms.
Initialize engine version: 2021.3.4f1 (cb45f9cae8b7)
[Subsystems] Discovering subsystems at path /Applications/Unity/Hub/Editor/2021.3.4f1/Unity.app/Contents/Resources/UnitySubsystems
[Subsystems] Discovering subsystems at path /Users/henryheese/Desktop/4610W/Unity/Ireland Capstone/Assets
GfxDevice: creating device client; threaded=0; jobified=0
Color LCD preferred device: Intel(R) UHD Graphics 630 (low power)
Metal devices available: 2
0: AMD Radeon Pro 5500M (high power)
1: Intel(R) UHD Graphics 630 (low power)
Using device AMD Radeon Pro 5500M (high power)
Initializing Metal device caps: AMD Radeon Pro 5500M
Initialize mono
Mono path[0] = '/Applications/Unity/Hub/Editor/2021.3.4f1/Unity.app/Contents/Managed'
Mono path[1] = '/Applications/Unity/Hub/Editor/2021.3.4f1/Unity.app/Contents/MonoBleedingEdge/lib/mono/unityjit-macos'
Mono config path = '/Applications/Unity/Hub/Editor/2021.3.4f1/Unity.app/Contents/MonoBleedingEdge/etc'
Using monoOptions --debugger-agent=transport=dt_socket,embedding=1,server=y,suspend=n,address=127.0.0.1:56113
Begin MonoManager ReloadAssembly
Registering precompiled unity dll's ...
Register platform support module: /Applications/Unity/Hub/Editor/2021.3.4f1/Unity.app/Contents/PlaybackEngines/MacStandaloneSupport/UnityEditor.OSXStandalone.Extensions.dll
Registered in 0.000642 seconds.
Native extension for OSXStandalone target not found
Refreshing native plugins compatible for Editor in 85.99 ms, found 2 plugins.
Preloading 0 native plugins for Editor in 0.00 ms.
Mono: successfully reloaded assembly
- Completed reload, in  0.681 seconds
Domain Reload Profiling:
	ReloadAssembly (682ms)
		BeginReloadAssembly (60ms)
			ExecutionOrderSort (0ms)
			DisableScriptedObjects (0ms)
			BackupInstance (0ms)
			ReleaseScriptingObjects (0ms)
			CreateAndSetChildDomain (1ms)
		EndReloadAssembly (491ms)
			LoadAssemblies (59ms)
			RebuildTransferFunctionScriptingTraits (0ms)
			SetupTypeCache (121ms)
			ReleaseScriptCaches (0ms)
			RebuildScriptCaches (30ms)
			SetupLoadedEditorAssemblies (294ms)
				LogAssemblyErrors (0ms)
				InitializePlatformSupportModulesInManaged (6ms)
				SetLoadedEditorAssemblies (0ms)
				RefreshPlugins (86ms)
				BeforeProcessingInitializeOnLoad (2ms)
				ProcessInitializeOnLoadAttributes (152ms)
				ProcessInitializeOnLoadMethodAttributes (48ms)
				AfterProcessingInitializeOnLoad (0ms)
				EditorAssembliesLoaded (0ms)
			ExecutionOrderSort2 (0ms)
			AwakeInstancesAfterBackupRestoration (0ms)
Platform modules already initialized, skipping
Registering precompiled user dll's ...
Registered in 0.002339 seconds.
Begin MonoManager ReloadAssembly
Symbol file LoadedFromMemory doesn't match image /Users/henryheese/Desktop/4610W/Unity/Ireland Capstone/Library/PackageCache/com.unity.visualscripting@1.7.8/Editor/VisualScripting.Core/Dependencies/YamlDotNet/Unity.VisualScripting.YamlDotNet.dll
Symbol file LoadedFromMemory doesn't match image /Users/henryheese/Desktop/4610W/Unity/Ireland Capstone/Library/PackageCache/com.unity.visualscripting@1.7.8/Editor/VisualScripting.Core/Dependencies/DotNetZip/Unity.VisualScripting.IonicZip.dll
Native extension for OSXStandalone target not found
Refreshing native plugins compatible for Editor in 0.56 ms, found 2 plugins.
Preloading 0 native plugins for Editor in 0.00 ms.
Mono: successfully reloaded assembly
- Completed reload, in  1.160 seconds
Domain Reload Profiling:
	ReloadAssembly (1161ms)
		BeginReloadAssembly (99ms)
			ExecutionOrderSort (0ms)
			DisableScriptedObjects (7ms)
			BackupInstance (0ms)
			ReleaseScriptingObjects (0ms)
			CreateAndSetChildDomain (20ms)
		EndReloadAssembly (928ms)
			LoadAssemblies (64ms)
			RebuildTransferFunctionScriptingTraits (0ms)
			SetupTypeCache (336ms)
			ReleaseScriptCaches (1ms)
			RebuildScriptCaches (68ms)
			SetupLoadedEditorAssemblies (401ms)
				LogAssemblyErrors (0ms)
				InitializePlatformSupportModulesInManaged (5ms)
				SetLoadedEditorAssemblies (1ms)
				RefreshPlugins (1ms)
				BeforeProcessingInitializeOnLoad (95ms)
				ProcessInitializeOnLoadAttributes (263ms)
				ProcessInitializeOnLoadMethodAttributes (37ms)
				AfterProcessingInitializeOnLoad (1ms)
				EditorAssembliesLoaded (0ms)
			ExecutionOrderSort2 (0ms)
			AwakeInstancesAfterBackupRestoration (5ms)
Platform modules already initialized, skipping
========================================================================
Worker process is ready to serve import requests
Launching external process: /Applications/Unity/Hub/Editor/2021.3.4f1/Unity.app/Contents/Tools/UnityShaderCompiler
Launched and connected shader compiler UnityShaderCompiler after 0.06 seconds
Refreshing native plugins compatible for Editor in 0.51 ms, found 2 plugins.
Preloading 0 native plugins for Editor in 0.00 ms.
Unloading 3421 Unused Serialized files (Serialized files now loaded: 0)
Unloading 27 unused Assets / (94.5 KB). Loaded Objects now: 3882.
Memory consumption went from 233.8 MB to 233.7 MB.
Total: 3.489575 ms (FindLiveObjects: 0.293424 ms CreateObjectMapping: 0.188144 ms MarkObjects: 2.899246 ms  DeleteObjects: 0.107934 ms)

AssetImportParameters requested are different than current active one (requested -> active):
  custom:video-decoder-ogg-theora: a1e56fd34408186e4bbccfd4996cb3dc -> 
  custom:container-muxer-webm: aa71ff27fc2769a1b78a27578f13a17b -> 
  custom:container-demuxer-webm: 4f35f7cbe854078d1ac9338744f61a02 -> 
  custom:video-encoder-webm-vp8: eb34c28f22e8b96e1ab97ce403110664 -> 
  custom:framework-osx-AVFoundation: e770b220cccbd017edd2c1fefb359320 -> 
  custom:audio-encoder-webm-vorbis: bf7c407c2cedff20999df2af8eb42d56 -> 
  custom:container-demuxer-ogg: 62fdf1f143b41e24485cea50d1cbac27 -> 
  custom:video-decoder-webm-vp8: 9c59270c3fd7afecdb556c50c9e8de78 -> 
  custom:audio-decoder-ogg-vorbis: bf7c407c2cedff20999df2af8eb42d56 -> 
========================================================================
Received Import Request.
  Time since last request: 53505.022885 seconds.
  path: Assets/Scenes/Objects/Declaration of Provisional Government.unity
  artifactKey: Guid(49b58881dc51c46e4affa649275c707f) Importer(815301076,1909f56bfc062723c751e8b465ee728b)
Start importing Assets/Scenes/Objects/Declaration of Provisional Government.unity using Guid(49b58881dc51c46e4affa649275c707f) Importer(815301076,1909f56bfc062723c751e8b465ee728b)  -> (artifact id: '9ca2dc635cf4f73c1a156f23388dcde0') in 0.007425 seconds 
========================================================================
Received Import Request.
  Time since last request: 137.466940 seconds.
  path: Assets/Scenes/Objects/Thinker.unity
  artifactKey: Guid(8290e9a5e84484d7d825d3142cf29cbd) Importer(815301076,1909f56bfc062723c751e8b465ee728b)
Start importing Assets/Scenes/Objects/Thinker.unity using Guid(8290e9a5e84484d7d825d3142cf29cbd) Importer(815301076,1909f56bfc062723c751e8b465ee728b)  -> (artifact id: 'eefc774d857ae420c033191ce7d04f53') in 0.001388 seconds 
========================================================================
Received Import Request.
  Time since last request: 13.329808 seconds.
  path: Assets/Scenes/Objects/Thinker.unity
  artifactKey: Guid(8290e9a5e84484d7d825d3142cf29cbd) Importer(815301076,1909f56bfc062723c751e8b465ee728b)
Start importing Assets/Scenes/Objects/Thinker.unity using Guid(8290e9a5e84484d7d825d3142cf29cbd) Importer(815301076,1909f56bfc062723c751e8b465ee728b)  -> (artifact id: '2ed00cb5592254f1f92da7ad2c7f9412') in 0.001104 seconds 
========================================================================
Received Import Request.
  Time since last request: 11.423250 seconds.
  path: Assets/Scenes/Objects/Statue Depicting Eire.unity
  artifactKey: Guid(8290e9a5e84484d7d825d3142cf29cbd) Importer(815301076,1909f56bfc062723c751e8b465ee728b)
Start importing Assets/Scenes/Objects/Statue Depicting Eire.unity using Guid(8290e9a5e84484d7d825d3142cf29cbd) Importer(815301076,1909f56bfc062723c751e8b465ee728b)  -> (artifact id: 'af6848892416769f4791e3a3c2412add') in 0.001034 seconds 
========================================================================
Received Import Request.
  Time since last request: 9.512655 seconds.
  path: Assets/Scenes/Objects/LiamMellows.unity
  artifactKey: Guid(448f5ad1c4f2e4e2d8bfa2750bba9fc9) Importer(815301076,1909f56bfc062723c751e8b465ee728b)
Start importing Assets/Scenes/Objects/LiamMellows.unity using Guid(448f5ad1c4f2e4e2d8bfa2750bba9fc9) Importer(815301076,1909f56bfc062723c751e8b465ee728b)  -> (artifact id: '57d917498685d317a97b1413f5aee898') in 0.001307 seconds 
========================================================================
Received Import Request.
  Time since last request: 25.105219 seconds.
  path: Assets/Scenes/Objects/BritishOfficer.unity
  artifactKey: Guid(2eb1294d8da5d4cbab988690213a077c) Importer(815301076,1909f56bfc062723c751e8b465ee728b)
Start importing Assets/Scenes/Objects/BritishOfficer.unity using Guid(2eb1294d8da5d4cbab988690213a077c) Importer(815301076,1909f56bfc062723c751e8b465ee728b)  -> (artifact id: '3b672e7a1d0651061471d0575d1bbf07') in 0.001240 seconds 
========================================================================
Received Import Request.
  Time since last request: 9.562333 seconds.
  path: Assets/Scenes/Objects/British RIC Cadet.unity
  artifactKey: Guid(2eb1294d8da5d4cbab988690213a077c) Importer(815301076,1909f56bfc062723c751e8b465ee728b)
Start importing Assets/Scenes/Objects/British RIC Cadet.unity using Guid(2eb1294d8da5d4cbab988690213a077c) Importer(815301076,1909f56bfc062723c751e8b465ee728b)  -> (artifact id: '0027e2b07e33584d4a095c3a627a44c2') in 0.000800 seconds 
========================================================================
Received Import Request.
  Time since last request: 10.519290 seconds.
  path: Assets/Scenes/Objects/Bernardo O'Higgins.unity
  artifactKey: Guid(92ac733edfec749939bc1a986d4fa508) Importer(815301076,1909f56bfc062723c751e8b465ee728b)
Start importing Assets/Scenes/Objects/Bernardo O'Higgins.unity using Guid(92ac733edfec749939bc1a986d4fa508) Importer(815301076,1909f56bfc062723c751e8b465ee728b)  -> (artifact id: '9908542b4df7dafcc4e46ba833ef0b58') in 0.000792 seconds 
========================================================================
Received Import Request.
  Time since last request: 23.734972 seconds.
  path: Assets/Scenes/Objects/FourthIRA.unity
  artifactKey: Guid(a488c234e7c1f4e59a4e083d820e7fe9) Importer(815301076,1909f56bfc062723c751e8b465ee728b)
Start importing Assets/Scenes/Objects/FourthIRA.unity using Guid(a488c234e7c1f4e59a4e083d820e7fe9) Importer(815301076,1909f56bfc062723c751e8b465ee728b)  -> (artifact id: '25e0a2bc66003ef27425b90ec63bb311') in 0.000901 seconds 
========================================================================
Received Import Request.
  Time since last request: 9.304451 seconds.
  path: Assets/Scenes/Objects/FallenSoldierMonument.unity
  artifactKey: Guid(a99e99907cb6b4e3c9fcc9e6667e8ee3) Importer(815301076,1909f56bfc062723c751e8b465ee728b)
Start importing Assets/Scenes/Objects/FallenSoldierMonument.unity using Guid(a99e99907cb6b4e3c9fcc9e6667e8ee3) Importer(815301076,1909f56bfc062723c751e8b465ee728b)  -> (artifact id: 'a6c15eddef12da4c1681a8e7d2476d8c') in 0.000872 seconds 
========================================================================
Received Import Request.
  Time since last request: 1.377448 seconds.
  path: Assets/Scenes/Objects/FourthIRA.unity
  artifactKey: Guid(a488c234e7c1f4e59a4e083d820e7fe9) Importer(815301076,1909f56bfc062723c751e8b465ee728b)
Start importing Assets/Scenes/Objects/FourthIRA.unity using Guid(a488c234e7c1f4e59a4e083d820e7fe9) Importer(815301076,1909f56bfc062723c751e8b465ee728b)  -> (artifact id: '6e43f50b1163024c6713287c27c726ea') in 0.000992 seconds 
========================================================================
Received Import Request.
  Time since last request: 17.937092 seconds.
  path: Assets/Scenes/Objects/Fourth IRA Battalion Memorial.unity
  artifactKey: Guid(a488c234e7c1f4e59a4e083d820e7fe9) Importer(815301076,1909f56bfc062723c751e8b465ee728b)
Start importing Assets/Scenes/Objects/Fourth IRA Battalion Memorial.unity using Guid(a488c234e7c1f4e59a4e083d820e7fe9) Importer(815301076,1909f56bfc062723c751e8b465ee728b)  -> (artifact id: 'fbda5d06578654668e3149c218158cf1') in 0.000867 seconds 
========================================================================
Received Import Request.
  Time since last request: 30.820204 seconds.
  path: Assets/Scenes/Objects/ChildrenOfLir.unity
  artifactKey: Guid(8053635b08a404e15891e397b1331f98) Importer(815301076,1909f56bfc062723c751e8b465ee728b)
Start importing Assets/Scenes/Objects/ChildrenOfLir.unity using Guid(8053635b08a404e15891e397b1331f98) Importer(815301076,1909f56bfc062723c751e8b465ee728b)  -> (artifact id: 'e4c8ddbd39c8a896363cd42fc1768b00') in 0.001067 seconds 
========================================================================
Received Import Request.
  Time since last request: 0.770188 seconds.
  path: Assets/Scenes/Objects/ConstanceMarkievics.unity
  artifactKey: Guid(334b83ce329944c61a969f1e8c3732a3) Importer(815301076,1909f56bfc062723c751e8b465ee728b)
Start importing Assets/Scenes/Objects/ConstanceMarkievics.unity using Guid(334b83ce329944c61a969f1e8c3732a3) Importer(815301076,1909f56bfc062723c751e8b465ee728b)  -> (artifact id: '167f5ee2afcd3e47b41142948f272684') in 0.000938 seconds 
========================================================================
Received Import Request.
  Time since last request: 0.733074 seconds.
  path: Assets/Scenes/Objects/Declaration of Provisional Government.unity
  artifactKey: Guid(49b58881dc51c46e4affa649275c707f) Importer(815301076,1909f56bfc062723c751e8b465ee728b)
Start importing Assets/Scenes/Objects/Declaration of Provisional Government.unity using Guid(49b58881dc51c46e4affa649275c707f) Importer(815301076,1909f56bfc062723c751e8b465ee728b)  -> (artifact id: 'a95d360fb3540615dfefd48de21f7826') in 0.000871 seconds 
========================================================================
Received Import Request.
  Time since last request: 1.925671 seconds.
  path: Assets/Scenes/Objects/FiannaEireann.unity
  artifactKey: Guid(9078066d4a8aa4df0abbe9523a547f7b) Importer(815301076,1909f56bfc062723c751e8b465ee728b)
Start importing Assets/Scenes/Objects/FiannaEireann.unity using Guid(9078066d4a8aa4df0abbe9523a547f7b) Importer(815301076,1909f56bfc062723c751e8b465ee728b)  -> (artifact id: '7b2fe095802239a946e24985f49b8180') in 0.000843 seconds 
========================================================================
Received Import Request.
  Time since last request: 0.692182 seconds.
  path: Assets/Scenes/Objects/FlagsOfEasterRising.unity
  artifactKey: Guid(419ee465462b047ee8d5e6e8da4bea83) Importer(815301076,1909f56bfc062723c751e8b465ee728b)
Start importing Assets/Scenes/Objects/FlagsOfEasterRising.unity using Guid(419ee465462b047ee8d5e6e8da4bea83) Importer(815301076,1909f56bfc062723c751e8b465ee728b)  -> (artifact id: '57cecddaf758bbf93451403a19365f34') in 0.000938 seconds 
========================================================================
Received Import Request.
  Time since last request: 3.651341 seconds.
  path: Assets/Scenes/Objects/JamesConnolly.unity
  artifactKey: Guid(7c17ebb8725fd4d97bcdc3447551530b) Importer(815301076,1909f56bfc062723c751e8b465ee728b)
Start importing Assets/Scenes/Objects/JamesConnolly.unity using Guid(7c17ebb8725fd4d97bcdc3447551530b) Importer(815301076,1909f56bfc062723c751e8b465ee728b)  -> (artifact id: '35632be9e34b18637fde12fd7f7a895d') in 0.001369 seconds 
========================================================================
Received Import Request.
  Time since last request: 3.609421 seconds.
  path: Assets/Scenes/Objects/MountStBridge.unity
  artifactKey: Guid(210a75bb32c1a4a5ba4feaf1c35a420d) Importer(815301076,1909f56bfc062723c751e8b465ee728b)
Start importing Assets/Scenes/Objects/MountStBridge.unity using Guid(210a75bb32c1a4a5ba4feaf1c35a420d) Importer(815301076,1909f56bfc062723c751e8b465ee728b)  -> (artifact id: '2aaa2137145444822e8f60fcab72bca1') in 0.001379 seconds 
========================================================================
Received Import Request.
  Time since last request: 1.113862 seconds.
  path: Assets/Scenes/Objects/OndraPlaque.unity
  artifactKey: Guid(3871e845741f74143a886919fdb2b232) Importer(815301076,1909f56bfc062723c751e8b465ee728b)
Start importing Assets/Scenes/Objects/OndraPlaque.unity using Guid(3871e845741f74143a886919fdb2b232) Importer(815301076,1909f56bfc062723c751e8b465ee728b)  -> (artifact id: '85813c4782fb519a01ca2b5828524640') in 0.001076 seconds 
========================================================================
Received Import Request.
  Time since last request: 22.912630 seconds.
  path: Assets/Scenes/Objects/OndraPlaque.unity
  artifactKey: Guid(3871e845741f74143a886919fdb2b232) Importer(815301076,1909f56bfc062723c751e8b465ee728b)
Start importing Assets/Scenes/Objects/OndraPlaque.unity using Guid(3871e845741f74143a886919fdb2b232) Importer(815301076,1909f56bfc062723c751e8b465ee728b)  -> (artifact id: '1fcf5b9eaab554ed36d70ed5cd308811') in 0.001217 seconds 
========================================================================
Received Import Request.
  Time since last request: 9.310397 seconds.
  path: Assets/Scenes/Objects/Forgotten 10 Memorial.unity
  artifactKey: Guid(3871e845741f74143a886919fdb2b232) Importer(815301076,1909f56bfc062723c751e8b465ee728b)
Start importing Assets/Scenes/Objects/Forgotten 10 Memorial.unity using Guid(3871e845741f74143a886919fdb2b232) Importer(815301076,1909f56bfc062723c751e8b465ee728b)  -> (artifact id: 'ad78b9f3f5e4f10484c5659ebceaa76e') in 0.001754 seconds 
========================================================================
Received Prepare
Registering precompiled user dll's ...
Registered in 0.001964 seconds.
Begin MonoManager ReloadAssembly
Symbol file LoadedFromMemory doesn't match image /Users/henryheese/Desktop/4610W/Unity/Ireland Capstone/Library/PackageCache/com.unity.visualscripting@1.7.8/Editor/VisualScripting.Core/Dependencies/YamlDotNet/Unity.VisualScripting.YamlDotNet.dll
Symbol file LoadedFromMemory doesn't match image /Users/henryheese/Desktop/4610W/Unity/Ireland Capstone/Library/PackageCache/com.unity.visualscripting@1.7.8/Editor/VisualScripting.Core/Dependencies/DotNetZip/Unity.VisualScripting.IonicZip.dll
Native extension for OSXStandalone target not found
Refreshing native plugins compatible for Editor in 0.62 ms, found 2 plugins.
Preloading 0 native plugins for Editor in 0.00 ms.
Mono: successfully reloaded assembly
- Completed reload, in  1.136 seconds
Domain Reload Profiling:
	ReloadAssembly (1137ms)
		BeginReloadAssembly (129ms)
			ExecutionOrderSort (0ms)
			DisableScriptedObjects (7ms)
			BackupInstance (0ms)
			ReleaseScriptingObjects (0ms)
			CreateAndSetChildDomain (46ms)
		EndReloadAssembly (893ms)
			LoadAssemblies (64ms)
			RebuildTransferFunctionScriptingTraits (1ms)
			SetupTypeCache (329ms)
			ReleaseScriptCaches (1ms)
			RebuildScriptCaches (55ms)
			SetupLoadedEditorAssemblies (377ms)
				LogAssemblyErrors (0ms)
				InitializePlatformSupportModulesInManaged (11ms)
				SetLoadedEditorAssemblies (1ms)
				RefreshPlugins (1ms)
				BeforeProcessingInitializeOnLoad (64ms)
				ProcessInitializeOnLoadAttributes (264ms)
				ProcessInitializeOnLoadMethodAttributes (35ms)
				AfterProcessingInitializeOnLoad (1ms)
				EditorAssembliesLoaded (0ms)
			ExecutionOrderSort2 (0ms)
			AwakeInstancesAfterBackupRestoration (5ms)
Platform modules already initialized, skipping
Refreshing native plugins compatible for Editor in 1.38 ms, found 2 plugins.
Preloading 0 native plugins for Editor in 0.00 ms.
Unloading 3403 Unused Serialized files (Serialized files now loaded: 0)
Unloading 20 unused Assets / (71.9 KB). Loaded Objects now: 3885.
Memory consumption went from 237.4 MB to 237.4 MB.
Total: 3.931405 ms (FindLiveObjects: 0.463978 ms CreateObjectMapping: 0.326899 ms MarkObjects: 3.041928 ms  DeleteObjects: 0.097546 ms)

AssetImportParameters requested are different than current active one (requested -> active):
  custom:video-decoder-ogg-theora: a1e56fd34408186e4bbccfd4996cb3dc -> 
  custom:container-muxer-webm: aa71ff27fc2769a1b78a27578f13a17b -> 
  custom:container-demuxer-webm: 4f35f7cbe854078d1ac9338744f61a02 -> 
  custom:video-encoder-webm-vp8: eb34c28f22e8b96e1ab97ce403110664 -> 
  custom:framework-osx-AVFoundation: e770b220cccbd017edd2c1fefb359320 -> 
  custom:audio-encoder-webm-vorbis: bf7c407c2cedff20999df2af8eb42d56 -> 
  custom:container-demuxer-ogg: 62fdf1f143b41e24485cea50d1cbac27 -> 
  custom:video-decoder-webm-vp8: 9c59270c3fd7afecdb556c50c9e8de78 -> 
  custom:audio-decoder-ogg-vorbis: bf7c407c2cedff20999df2af8eb42d56 -> 
========================================================================
Received Import Request.
  Time since last request: 30.494832 seconds.
  path: Assets/Prefabs/Object Prefabs/Canvas.prefab
  artifactKey: Guid(a4eeb6d3f07d547e98bd3cadbaac2586) Importer(815301076,1909f56bfc062723c751e8b465ee728b)
Start importing Assets/Prefabs/Object Prefabs/Canvas.prefab using Guid(a4eeb6d3f07d547e98bd3cadbaac2586) Importer(815301076,1909f56bfc062723c751e8b465ee728b)  -> (artifact id: 'af8cf2ebec84f0de0da11c4275ba3ed5') in 0.188924 seconds 
========================================================================
Received Prepare
Registering precompiled user dll's ...
Registered in 0.002008 seconds.
Begin MonoManager ReloadAssembly
Symbol file LoadedFromMemory doesn't match image /Users/henryheese/Desktop/4610W/Unity/Ireland Capstone/Library/PackageCache/com.unity.visualscripting@1.7.8/Editor/VisualScripting.Core/Dependencies/YamlDotNet/Unity.VisualScripting.YamlDotNet.dll
Symbol file LoadedFromMemory doesn't match image /Users/henryheese/Desktop/4610W/Unity/Ireland Capstone/Library/PackageCache/com.unity.visualscripting@1.7.8/Editor/VisualScripting.Core/Dependencies/DotNetZip/Unity.VisualScripting.IonicZip.dll
Native extension for OSXStandalone target not found
Refreshing native plugins compatible for Editor in 1.16 ms, found 2 plugins.
Preloading 0 native plugins for Editor in 0.00 ms.
Mono: successfully reloaded assembly
- Completed reload, in  1.307 seconds
Domain Reload Profiling:
	ReloadAssembly (1308ms)
		BeginReloadAssembly (165ms)
			ExecutionOrderSort (0ms)
			DisableScriptedObjects (8ms)
			BackupInstance (0ms)
			ReleaseScriptingObjects (0ms)
			CreateAndSetChildDomain (64ms)
		EndReloadAssembly (1009ms)
			LoadAssemblies (83ms)
			RebuildTransferFunctionScriptingTraits (1ms)
			SetupTypeCache (371ms)
			ReleaseScriptCaches (1ms)
			RebuildScriptCaches (67ms)
			SetupLoadedEditorAssemblies (431ms)
				LogAssemblyErrors (0ms)
				InitializePlatformSupportModulesInManaged (16ms)
				SetLoadedEditorAssemblies (1ms)
				RefreshPlugins (1ms)
				BeforeProcessingInitializeOnLoad (86ms)
				ProcessInitializeOnLoadAttributes (288ms)
				ProcessInitializeOnLoadMethodAttributes (38ms)
				AfterProcessingInitializeOnLoad (1ms)
				EditorAssembliesLoaded (0ms)
			ExecutionOrderSort2 (0ms)
			AwakeInstancesAfterBackupRestoration (5ms)
Platform modules already initialized, skipping
Refreshing native plugins compatible for Editor in 1.43 ms, found 2 plugins.
Preloading 0 native plugins for Editor in 0.00 ms.
Unloading 3403 Unused Serialized files (Serialized files now loaded: 0)
Unloading 25 unused Assets / (75.1 KB). Loaded Objects now: 3888.
Memory consumption went from 241.2 MB to 241.2 MB.
Total: 3.569177 ms (FindLiveObjects: 0.264546 ms CreateObjectMapping: 0.207791 ms MarkObjects: 2.811141 ms  DeleteObjects: 0.284936 ms)

AssetImportParameters requested are different than current active one (requested -> active):
  custom:video-decoder-ogg-theora: a1e56fd34408186e4bbccfd4996cb3dc -> 
  custom:container-muxer-webm: aa71ff27fc2769a1b78a27578f13a17b -> 
  custom:container-demuxer-webm: 4f35f7cbe854078d1ac9338744f61a02 -> 
  custom:video-encoder-webm-vp8: eb34c28f22e8b96e1ab97ce403110664 -> 
  custom:framework-osx-AVFoundation: e770b220cccbd017edd2c1fefb359320 -> 
  custom:audio-encoder-webm-vorbis: bf7c407c2cedff20999df2af8eb42d56 -> 
  custom:container-demuxer-ogg: 62fdf1f143b41e24485cea50d1cbac27 -> 
  custom:video-decoder-webm-vp8: 9c59270c3fd7afecdb556c50c9e8de78 -> 
  custom:audio-decoder-ogg-vorbis: bf7c407c2cedff20999df2af8eb42d56 -> 
========================================================================
Received Import Request.
  Time since last request: 478.681594 seconds.
  path: Assets/Prefabs/Object Prefabs/Canvas.prefab
  artifactKey: Guid(a4eeb6d3f07d547e98bd3cadbaac2586) Importer(815301076,1909f56bfc062723c751e8b465ee728b)
Start importing Assets/Prefabs/Object Prefabs/Canvas.prefab using Guid(a4eeb6d3f07d547e98bd3cadbaac2586) Importer(815301076,1909f56bfc062723c751e8b465ee728b)  -> (artifact id: '7c32a87d181a8dd102d375f037ca6bf4') in 0.106621 seconds 
========================================================================
Received Import Request.
  Time since last request: 29.178603 seconds.
  path: Assets/Prefabs/Object Prefabs/Canvas.prefab
  artifactKey: Guid(a4eeb6d3f07d547e98bd3cadbaac2586) Importer(815301076,1909f56bfc062723c751e8b465ee728b)
Start importing Assets/Prefabs/Object Prefabs/Canvas.prefab using Guid(a4eeb6d3f07d547e98bd3cadbaac2586) Importer(815301076,1909f56bfc062723c751e8b465ee728b)  -> (artifact id: '5f80ff0ea59ce999b6d6e06bed479aba') in 0.045094 seconds 
========================================================================
Received Prepare
Registering precompiled user dll's ...
Registered in 0.001759 seconds.
Begin MonoManager ReloadAssembly
Symbol file LoadedFromMemory doesn't match image /Users/henryheese/Desktop/4610W/Unity/Ireland Capstone/Library/PackageCache/com.unity.visualscripting@1.7.8/Editor/VisualScripting.Core/Dependencies/YamlDotNet/Unity.VisualScripting.YamlDotNet.dll
Symbol file LoadedFromMemory doesn't match image /Users/henryheese/Desktop/4610W/Unity/Ireland Capstone/Library/PackageCache/com.unity.visualscripting@1.7.8/Editor/VisualScripting.Core/Dependencies/DotNetZip/Unity.VisualScripting.IonicZip.dll
Native extension for OSXStandalone target not found
Refreshing native plugins compatible for Editor in 0.59 ms, found 2 plugins.
Preloading 0 native plugins for Editor in 0.00 ms.
Mono: successfully reloaded assembly
- Completed reload, in  1.111 seconds
Domain Reload Profiling:
	ReloadAssembly (1111ms)
		BeginReloadAssembly (131ms)
			ExecutionOrderSort (0ms)
			DisableScriptedObjects (6ms)
			BackupInstance (0ms)
			ReleaseScriptingObjects (0ms)
			CreateAndSetChildDomain (47ms)
		EndReloadAssembly (880ms)
			LoadAssemblies (61ms)
			RebuildTransferFunctionScriptingTraits (0ms)
			SetupTypeCache (336ms)
			ReleaseScriptCaches (1ms)
			RebuildScriptCaches (55ms)
			SetupLoadedEditorAssemblies (364ms)
				LogAssemblyErrors (0ms)
				InitializePlatformSupportModulesInManaged (10ms)
				SetLoadedEditorAssemblies (1ms)
				RefreshPlugins (1ms)
				BeforeProcessingInitializeOnLoad (61ms)
				ProcessInitializeOnLoadAttributes (257ms)
				ProcessInitializeOnLoadMethodAttributes (33ms)
				AfterProcessingInitializeOnLoad (1ms)
				EditorAssembliesLoaded (0ms)
			ExecutionOrderSort2 (0ms)
			AwakeInstancesAfterBackupRestoration (5ms)
Platform modules already initialized, skipping
Refreshing native plugins compatible for Editor in 1.54 ms, found 2 plugins.
Preloading 0 native plugins for Editor in 0.00 ms.
Unloading 3403 Unused Serialized files (Serialized files now loaded: 0)
Unloading 25 unused Assets / (75.1 KB). Loaded Objects now: 3891.
Memory consumption went from 241.8 MB to 241.8 MB.
Total: 3.369697 ms (FindLiveObjects: 0.272605 ms CreateObjectMapping: 0.158263 ms MarkObjects: 2.834988 ms  DeleteObjects: 0.102989 ms)

AssetImportParameters requested are different than current active one (requested -> active):
  custom:video-decoder-ogg-theora: a1e56fd34408186e4bbccfd4996cb3dc -> 
  custom:container-muxer-webm: aa71ff27fc2769a1b78a27578f13a17b -> 
  custom:container-demuxer-webm: 4f35f7cbe854078d1ac9338744f61a02 -> 
  custom:video-encoder-webm-vp8: eb34c28f22e8b96e1ab97ce403110664 -> 
  custom:framework-osx-AVFoundation: e770b220cccbd017edd2c1fefb359320 -> 
  custom:audio-encoder-webm-vorbis: bf7c407c2cedff20999df2af8eb42d56 -> 
  custom:container-demuxer-ogg: 62fdf1f143b41e24485cea50d1cbac27 -> 
  custom:video-decoder-webm-vp8: 9c59270c3fd7afecdb556c50c9e8de78 -> 
  custom:audio-decoder-ogg-vorbis: bf7c407c2cedff20999df2af8eb42d56 -> 
========================================================================
Received Prepare
Registering precompiled user dll's ...
Registered in 0.002370 seconds.
Begin MonoManager ReloadAssembly
Symbol file LoadedFromMemory doesn't match image /Users/henryheese/Desktop/4610W/Unity/Ireland Capstone/Library/PackageCache/com.unity.visualscripting@1.7.8/Editor/VisualScripting.Core/Dependencies/YamlDotNet/Unity.VisualScripting.YamlDotNet.dll
Symbol file LoadedFromMemory doesn't match image /Users/henryheese/Desktop/4610W/Unity/Ireland Capstone/Library/PackageCache/com.unity.visualscripting@1.7.8/Editor/VisualScripting.Core/Dependencies/DotNetZip/Unity.VisualScripting.IonicZip.dll
Native extension for OSXStandalone target not found
Refreshing native plugins compatible for Editor in 0.61 ms, found 2 plugins.
Preloading 0 native plugins for Editor in 0.00 ms.
Mono: successfully reloaded assembly
- Completed reload, in  1.136 seconds
Domain Reload Profiling:
	ReloadAssembly (1136ms)
		BeginReloadAssembly (134ms)
			ExecutionOrderSort (0ms)
			DisableScriptedObjects (8ms)
			BackupInstance (0ms)
			ReleaseScriptingObjects (0ms)
			CreateAndSetChildDomain (47ms)
		EndReloadAssembly (894ms)
			LoadAssemblies (62ms)
			RebuildTransferFunctionScriptingTraits (0ms)
			SetupTypeCache (333ms)
			ReleaseScriptCaches (1ms)
			RebuildScriptCaches (54ms)
			SetupLoadedEditorAssemblies (380ms)
				LogAssemblyErrors (0ms)
				InitializePlatformSupportModulesInManaged (11ms)
				SetLoadedEditorAssemblies (1ms)
				RefreshPlugins (1ms)
				BeforeProcessingInitializeOnLoad (66ms)
				ProcessInitializeOnLoadAttributes (267ms)
				ProcessInitializeOnLoadMethodAttributes (34ms)
				AfterProcessingInitializeOnLoad (1ms)
				EditorAssembliesLoaded (0ms)
			ExecutionOrderSort2 (0ms)
			AwakeInstancesAfterBackupRestoration (5ms)
Platform modules already initialized, skipping
Refreshing native plugins compatible for Editor in 1.29 ms, found 2 plugins.
Preloading 0 native plugins for Editor in 0.00 ms.
Unloading 3403 Unused Serialized files (Serialized files now loaded: 0)
Unloading 20 unused Assets / (71.7 KB). Loaded Objects now: 3894.
Memory consumption went from 242.0 MB to 242.0 MB.
Total: 3.320382 ms (FindLiveObjects: 0.256272 ms CreateObjectMapping: 0.187289 ms MarkObjects: 2.796791 ms  DeleteObjects: 0.079129 ms)

AssetImportParameters requested are different than current active one (requested -> active):
  custom:video-decoder-ogg-theora: a1e56fd34408186e4bbccfd4996cb3dc -> 
  custom:container-muxer-webm: aa71ff27fc2769a1b78a27578f13a17b -> 
  custom:container-demuxer-webm: 4f35f7cbe854078d1ac9338744f61a02 -> 
  custom:video-encoder-webm-vp8: eb34c28f22e8b96e1ab97ce403110664 -> 
  custom:framework-osx-AVFoundation: e770b220cccbd017edd2c1fefb359320 -> 
  custom:audio-encoder-webm-vorbis: bf7c407c2cedff20999df2af8eb42d56 -> 
  custom:container-demuxer-ogg: 62fdf1f143b41e24485cea50d1cbac27 -> 
  custom:video-decoder-webm-vp8: 9c59270c3fd7afecdb556c50c9e8de78 -> 
  custom:audio-decoder-ogg-vorbis: bf7c407c2cedff20999df2af8eb42d56 -> 
========================================================================
Received Prepare
Registering precompiled user dll's ...
Registered in 0.002591 seconds.
Begin MonoManager ReloadAssembly
Symbol file LoadedFromMemory doesn't match image /Users/henryheese/Desktop/4610W/Unity/Ireland Capstone/Library/PackageCache/com.unity.visualscripting@1.7.8/Editor/VisualScripting.Core/Dependencies/YamlDotNet/Unity.VisualScripting.YamlDotNet.dll
Symbol file LoadedFromMemory doesn't match image /Users/henryheese/Desktop/4610W/Unity/Ireland Capstone/Library/PackageCache/com.unity.visualscripting@1.7.8/Editor/VisualScripting.Core/Dependencies/DotNetZip/Unity.VisualScripting.IonicZip.dll
Native extension for OSXStandalone target not found
Refreshing native plugins compatible for Editor in 0.73 ms, found 2 plugins.
Preloading 0 native plugins for Editor in 0.00 ms.
Mono: successfully reloaded assembly
- Completed reload, in  1.263 seconds
Domain Reload Profiling:
	ReloadAssembly (1264ms)
		BeginReloadAssembly (160ms)
			ExecutionOrderSort (0ms)
			DisableScriptedObjects (8ms)
			BackupInstance (0ms)
			ReleaseScriptingObjects (0ms)
			CreateAndSetChildDomain (57ms)
		EndReloadAssembly (974ms)
			LoadAssemblies (84ms)
			RebuildTransferFunctionScriptingTraits (0ms)
			SetupTypeCache (361ms)
			ReleaseScriptCaches (1ms)
			RebuildScriptCaches (66ms)
			SetupLoadedEditorAssemblies (408ms)
				LogAssemblyErrors (0ms)
				InitializePlatformSupportModulesInManaged (10ms)
				SetLoadedEditorAssemblies (1ms)
				RefreshPlugins (1ms)
				BeforeProcessingInitializeOnLoad (74ms)
				ProcessInitializeOnLoadAttributes (288ms)
				ProcessInitializeOnLoadMethodAttributes (33ms)
				AfterProcessingInitializeOnLoad (1ms)
				EditorAssembliesLoaded (0ms)
			ExecutionOrderSort2 (0ms)
			AwakeInstancesAfterBackupRestoration (5ms)
Platform modules already initialized, skipping
Refreshing native plugins compatible for Editor in 1.33 ms, found 2 plugins.
Preloading 0 native plugins for Editor in 0.00 ms.
Unloading 3403 Unused Serialized files (Serialized files now loaded: 0)
Unloading 20 unused Assets / (71.2 KB). Loaded Objects now: 3897.
Memory consumption went from 242.1 MB to 242.0 MB.
Total: 3.277909 ms (FindLiveObjects: 0.266956 ms CreateObjectMapping: 0.181238 ms MarkObjects: 2.759614 ms  DeleteObjects: 0.069319 ms)

AssetImportParameters requested are different than current active one (requested -> active):
  custom:video-decoder-ogg-theora: a1e56fd34408186e4bbccfd4996cb3dc -> 
  custom:container-muxer-webm: aa71ff27fc2769a1b78a27578f13a17b -> 
  custom:container-demuxer-webm: 4f35f7cbe854078d1ac9338744f61a02 -> 
  custom:video-encoder-webm-vp8: eb34c28f22e8b96e1ab97ce403110664 -> 
  custom:framework-osx-AVFoundation: e770b220cccbd017edd2c1fefb359320 -> 
  custom:audio-encoder-webm-vorbis: bf7c407c2cedff20999df2af8eb42d56 -> 
  custom:container-demuxer-ogg: 62fdf1f143b41e24485cea50d1cbac27 -> 
  custom:video-decoder-webm-vp8: 9c59270c3fd7afecdb556c50c9e8de78 -> 
  custom:audio-decoder-ogg-vorbis: bf7c407c2cedff20999df2af8eb42d56 -> 
